  Processing .\IKlasa2.idl
  IKlasa2.idl
  Processing C:\Program Files (x86)\Windows Kits\10\Include\10.0.19041.0\um\oaidl.idl
  oaidl.idl
  Processing C:\Program Files (x86)\Windows Kits\10\Include\10.0.19041.0\um\objidl.idl
  objidl.idl
  Processing C:\Program Files (x86)\Windows Kits\10\Include\10.0.19041.0\um\unknwn.idl
  unknwn.idl
  Processing C:\Program Files (x86)\Windows Kits\10\Include\10.0.19041.0\shared\wtypes.idl
  wtypes.idl
  Processing C:\Program Files (x86)\Windows Kits\10\Include\10.0.19041.0\shared\wtypesbase.idl
  wtypesbase.idl
  Processing C:\Program Files (x86)\Windows Kits\10\Include\10.0.19041.0\shared\basetsd.h
  basetsd.h
  Processing C:\Program Files (x86)\Windows Kits\10\Include\10.0.19041.0\shared\guiddef.h
  guiddef.h
  Processing C:\Program Files (x86)\Windows Kits\10\Include\10.0.19041.0\um\ocidl.idl
  ocidl.idl
  Processing C:\Program Files (x86)\Windows Kits\10\Include\10.0.19041.0\um\oleidl.idl
  oleidl.idl
  Processing C:\Program Files (x86)\Windows Kits\10\Include\10.0.19041.0\um\servprov.idl
  servprov.idl
  Processing C:\Program Files (x86)\Windows Kits\10\Include\10.0.19041.0\um\urlmon.idl
  urlmon.idl
  Processing C:\Program Files (x86)\Windows Kits\10\Include\10.0.19041.0\um\msxml.idl
  msxml.idl
.\IKlasa2.idl(7): warning MIDL2346: the specified lcid is different from previous specification
.\IKlasa2.idl(13): warning MIDL2015: failed to load tlb in importlib: : stdole.tlb
  Processing C:\Program Files (x86)\Windows Kits\10\Include\10.0.19041.0\um\oaidl.acf
  oaidl.acf
  Processing C:\Program Files (x86)\Windows Kits\10\Include\10.0.19041.0\um\ocidl.acf
  ocidl.acf
  pch.cpp
  dllmain2.cpp
  fabryka2.cpp
  guid_k2.cpp
  klasa2.cpp
  Generating Code...
     Creating library C:\Users\Pawel\source\repos\KSRL3E6\Debug\KSRL3E6.lib and object C:\Users\Pawel\source\repos\KSRL3E6\Debug\KSRL3E6.exp
KSRL3E6.exp : warning LNK4070: /OUT:klasac2.dll directive in .EXP differs from output filename 'C:\Users\Pawel\source\repos\KSRL3E6\Debug\KSRL3E6.dll'; ignoring directive
  KSRL3E6.vcxproj -> C:\Users\Pawel\source\repos\KSRL3E6\Debug\KSRL3E6.dll
