c:\users\pawel\source\repos\dllzkasia2\dllzkasia2\release\dllzkasia2.pch
c:\users\pawel\source\repos\dllzkasia2\dllzkasia2\release\vc142.pdb
c:\users\pawel\source\repos\dllzkasia2\dllzkasia2\release\pch.obj
c:\users\pawel\source\repos\dllzkasia2\dllzkasia2\release\klasa2_p.obj
c:\users\pawel\source\repos\dllzkasia2\dllzkasia2\release\klasa2_i.obj
c:\users\pawel\source\repos\dllzkasia2\dllzkasia2\release\dlldata.obj
c:\users\pawel\source\repos\dllzkasia2\dllzkasia2\release\dllmain.obj
c:\users\pawel\source\repos\dllzkasia2\dllzkasia2\klasa2_p.c
c:\users\pawel\source\repos\dllzkasia2\dllzkasia2\klasa2_i.c
c:\users\pawel\source\repos\dllzkasia2\dllzkasia2\klasa2_h.h
c:\users\pawel\source\repos\dllzkasia2\release\dllzkasia2.dll
c:\users\pawel\source\repos\dllzkasia2\dllzkasia2\release\dllzkasia2.tlog\cl.command.1.tlog
c:\users\pawel\source\repos\dllzkasia2\dllzkasia2\release\dllzkasia2.tlog\cl.read.1.tlog
c:\users\pawel\source\repos\dllzkasia2\dllzkasia2\release\dllzkasia2.tlog\cl.write.1.tlog
c:\users\pawel\source\repos\dllzkasia2\dllzkasia2\release\dllzkasia2.tlog\link.command.1.tlog
c:\users\pawel\source\repos\dllzkasia2\dllzkasia2\release\dllzkasia2.tlog\link.read.1.tlog
c:\users\pawel\source\repos\dllzkasia2\dllzkasia2\release\dllzkasia2.tlog\link.write.1.tlog
c:\users\pawel\source\repos\dllzkasia2\dllzkasia2\release\dllzkasia2.tlog\midl-midlc-cl.read.1.tlog
c:\users\pawel\source\repos\dllzkasia2\dllzkasia2\release\dllzkasia2.tlog\midl.command.1.tlog
c:\users\pawel\source\repos\dllzkasia2\dllzkasia2\release\dllzkasia2.tlog\midl.write.1.tlog
